<?xml version="1.0" encoding="UTF-8"?>
<!-- Generated by org.testng.reporters.JUnitXMLReporter -->
<testsuite ignored="1" hostname="Ninjas-MacBook-Air.local" failures="0" tests="1" name="NegativeUsernameTest" time="12.182" errors="0" timestamp="2022-05-08T22:17:20 WIB">
  <testcase classname="com.herokuapp.theinternet.LoginTest" name="negativeLoginTest" time="7.07"/>
  <testcase classname="com.herokuapp.theinternet.LoginTest" name="positiveLoginTest" time="0.0">
    <ignored/>
  </testcase> <!-- positiveLoginTest -->
</testsuite> <!-- NegativeUsernameTest -->
