<?xml version="1.0" encoding="UTF-8"?>
<!-- Generated by org.testng.reporters.JUnitXMLReporter -->
<testsuite ignored="0" hostname="Ninjas-MacBook-Air.local" failures="0" tests="2" name="NegativeTest" time="27.218" errors="0" timestamp="2022-05-06T22:26:28 WIB">
  <testcase classname="com.herokuapp.theinternet.NegativeTest" name="incorrectPassword" time="14.927"/>
  <testcase classname="com.herokuapp.theinternet.NegativeTest" name="incorrectUsername" time="12.281"/>
</testsuite> <!-- NegativeTest -->
