<?xml version="1.0" encoding="UTF-8"?>
<testng-results ignored="0" total="1" passed="1" failed="0" skipped="0">
  <reporter-output>
  </reporter-output>
  <suite started-at="2022-05-06T21:40:33 WIB" name="Surefire suite" finished-at="2022-05-06T21:40:49 WIB" duration-ms="15080">
    <groups>
    </groups>
    <test started-at="2022-05-06T21:40:33 WIB" name="Surefire test" finished-at="2022-05-06T21:40:49 WIB" duration-ms="15080">
      <class name="com.herokuapp.theinternet.NegativeTest">
        <test-method signature="loginTest()[pri:0, instance:com.herokuapp.theinternet.NegativeTest@49e202ad]" started-at="2022-05-06T21:40:33 WIB" name="loginTest" finished-at="2022-05-06T21:40:49 WIB" duration-ms="15054" status="PASS">
          <reporter-output>
          </reporter-output>
        </test-method> <!-- loginTest -->
      </class> <!-- com.herokuapp.theinternet.NegativeTest -->
    </test> <!-- Surefire test -->
  </suite> <!-- Surefire suite -->
</testng-results>
