<?xml version="1.0" encoding="UTF-8"?>
<testng-results ignored="3" total="6" passed="3" failed="0" skipped="0">
  <reporter-output>
  </reporter-output>
  <suite started-at="2022-05-08T22:16:39 WIB" name="LoginTestSuite" finished-at="2022-05-08T22:17:32 WIB" duration-ms="52301">
    <groups>
      <group name="positiveLoginTest">
        <method signature="LoginTest.positiveLoginTest()[pri:1, instance:com.herokuapp.theinternet.LoginTest@7c0c77c7]" name="positiveLoginTest" class="com.herokuapp.theinternet.LoginTest"/>
      </group> <!-- positiveLoginTest -->
      <group name="negativeLoginTest">
        <method signature="LoginTest.negativeLoginTest(java.lang.String,java.lang.String,java.lang.String)[pri:2, instance:com.herokuapp.theinternet.LoginTest@4ac3c60d]" name="negativeLoginTest" class="com.herokuapp.theinternet.LoginTest"/>
        <method signature="LoginTest.negativeLoginTest(java.lang.String,java.lang.String,java.lang.String)[pri:2, instance:com.herokuapp.theinternet.LoginTest@3d74bf60]" name="negativeLoginTest" class="com.herokuapp.theinternet.LoginTest"/>
      </group> <!-- negativeLoginTest -->
      <group name="smokeTest}">
        <method signature="LoginTest.positiveLoginTest()[pri:1, instance:com.herokuapp.theinternet.LoginTest@7c0c77c7]" name="positiveLoginTest" class="com.herokuapp.theinternet.LoginTest"/>
        <method signature="LoginTest.negativeLoginTest(java.lang.String,java.lang.String,java.lang.String)[pri:2, instance:com.herokuapp.theinternet.LoginTest@4ac3c60d]" name="negativeLoginTest" class="com.herokuapp.theinternet.LoginTest"/>
        <method signature="LoginTest.negativeLoginTest(java.lang.String,java.lang.String,java.lang.String)[pri:2, instance:com.herokuapp.theinternet.LoginTest@3d74bf60]" name="negativeLoginTest" class="com.herokuapp.theinternet.LoginTest"/>
      </group> <!-- smokeTest} -->
    </groups>
    <test started-at="2022-05-08T22:16:39 WIB" name="PositiveTest" finished-at="2022-05-08T22:17:08 WIB" duration-ms="28629">
      <class name="com.herokuapp.theinternet.LoginTest">
        <test-method is-config="true" signature="setUp(java.lang.String)[pri:0, instance:com.herokuapp.theinternet.LoginTest@7c0c77c7]" started-at="2022-05-08T22:16:39 WIB" name="setUp" finished-at="2022-05-08T22:17:00 WIB" duration-ms="20727" status="PASS">
          <params>
            <param index="0">
              <value>
                <![CDATA[firefox]]>
              </value>
            </param>
          </params>
          <reporter-output>
          </reporter-output>
        </test-method> <!-- setUp -->
        <test-method signature="positiveLoginTest()[pri:1, instance:com.herokuapp.theinternet.LoginTest@7c0c77c7]" started-at="2022-05-08T22:17:00 WIB" name="positiveLoginTest" finished-at="2022-05-08T22:17:07 WIB" duration-ms="7348" status="PASS">
          <reporter-output>
          </reporter-output>
        </test-method> <!-- positiveLoginTest -->
        <test-method is-config="true" signature="tearDown()[pri:0, instance:com.herokuapp.theinternet.LoginTest@7c0c77c7]" started-at="2022-05-08T22:17:07 WIB" name="tearDown" finished-at="2022-05-08T22:17:08 WIB" duration-ms="513" status="PASS">
          <reporter-output>
          </reporter-output>
        </test-method> <!-- tearDown -->
      </class> <!-- com.herokuapp.theinternet.LoginTest -->
    </test> <!-- PositiveTest -->
    <test started-at="2022-05-08T22:17:08 WIB" name="NegativeUsernameTest" finished-at="2022-05-08T22:17:20 WIB" duration-ms="12182">
      <class name="com.herokuapp.theinternet.LoginTest">
        <test-method is-config="true" signature="setUp(java.lang.String)[pri:0, instance:com.herokuapp.theinternet.LoginTest@4ac3c60d]" started-at="2022-05-08T22:17:08 WIB" name="setUp" finished-at="2022-05-08T22:17:13 WIB" duration-ms="4989" status="PASS">
          <params>
            <param index="0">
              <value>
                <![CDATA[chrome]]>
              </value>
            </param>
          </params>
          <reporter-output>
          </reporter-output>
        </test-method> <!-- setUp -->
        <test-method signature="negativeLoginTest(java.lang.String,java.lang.String,java.lang.String)[pri:2, instance:com.herokuapp.theinternet.LoginTest@4ac3c60d]" started-at="2022-05-08T22:17:13 WIB" name="negativeLoginTest" finished-at="2022-05-08T22:17:20 WIB" duration-ms="7070" status="PASS">
          <params>
            <param index="0">
              <value>
                <![CDATA[invalidUsername]]>
              </value>
            </param>
            <param index="1">
              <value>
                <![CDATA[SuperSecretPassword!]]>
              </value>
            </param>
            <param index="2">
              <value>
                <![CDATA[Your username is invalid!]]>
              </value>
            </param>
          </params>
          <reporter-output>
          </reporter-output>
        </test-method> <!-- negativeLoginTest -->
        <test-method is-config="true" signature="tearDown()[pri:0, instance:com.herokuapp.theinternet.LoginTest@4ac3c60d]" started-at="2022-05-08T22:17:20 WIB" name="tearDown" finished-at="2022-05-08T22:17:20 WIB" duration-ms="116" status="PASS">
          <reporter-output>
          </reporter-output>
        </test-method> <!-- tearDown -->
      </class> <!-- com.herokuapp.theinternet.LoginTest -->
    </test> <!-- NegativeUsernameTest -->
    <test started-at="2022-05-08T22:17:20 WIB" name="NegativePasswordTest" finished-at="2022-05-08T22:17:32 WIB" duration-ms="11409">
      <class name="com.herokuapp.theinternet.LoginTest">
        <test-method is-config="true" signature="setUp(java.lang.String)[pri:0, instance:com.herokuapp.theinternet.LoginTest@3d74bf60]" started-at="2022-05-08T22:17:20 WIB" name="setUp" finished-at="2022-05-08T22:17:24 WIB" duration-ms="4189" status="PASS">
          <params>
            <param index="0">
              <value>
                <![CDATA[chrome]]>
              </value>
            </param>
          </params>
          <reporter-output>
          </reporter-output>
        </test-method> <!-- setUp -->
        <test-method signature="negativeLoginTest(java.lang.String,java.lang.String,java.lang.String)[pri:2, instance:com.herokuapp.theinternet.LoginTest@3d74bf60]" started-at="2022-05-08T22:17:24 WIB" name="negativeLoginTest" finished-at="2022-05-08T22:17:31 WIB" duration-ms="7108" status="PASS">
          <params>
            <param index="0">
              <value>
                <![CDATA[tomsmith]]>
              </value>
            </param>
            <param index="1">
              <value>
                <![CDATA[invalidPassword]]>
              </value>
            </param>
            <param index="2">
              <value>
                <![CDATA[Your password is invalid!]]>
              </value>
            </param>
          </params>
          <reporter-output>
          </reporter-output>
        </test-method> <!-- negativeLoginTest -->
        <test-method is-config="true" signature="tearDown()[pri:0, instance:com.herokuapp.theinternet.LoginTest@3d74bf60]" started-at="2022-05-08T22:17:31 WIB" name="tearDown" finished-at="2022-05-08T22:17:32 WIB" duration-ms="108" status="PASS">
          <reporter-output>
          </reporter-output>
        </test-method> <!-- tearDown -->
      </class> <!-- com.herokuapp.theinternet.LoginTest -->
    </test> <!-- NegativePasswordTest -->
  </suite> <!-- LoginTestSuite -->
</testng-results>
